Unity Editor version:    2022.3.9f1 (ea401c316338)
Branch:                  2022.3/staging
Build type:              Release
Batch mode:              YES
macOS version:           Version 13.2.1 (Build 22D68)
Darwin version:          22.3.0
Architecture:            arm64
Running under Rosetta:   NO
Available memory:        8192 MB
Using pre-set license
Pro License: YES

COMMAND LINE ARGUMENTS:
/Applications/Unity/Hub/Editor/2022.3.9f1/Unity.app/Contents/MacOS/Unity
-adb2
-batchMode
-noUpm
-name
AssetImportWorker5
-projectPath
/Users/macos/Desktop/ZombieShooter
-logFile
Logs/AssetImportWorker5.log
-srvPort
51878
Successfully changed project path to: /Users/macos/Desktop/ZombieShooter
/Users/macos/Desktop/ZombieShooter
[UnityMemory] Configuration Parameters - Can be set up in boot.config
    "memorysetup-bucket-allocator-granularity=16"
    "memorysetup-bucket-allocator-bucket-count=8"
    "memorysetup-bucket-allocator-block-size=33554432"
    "memorysetup-bucket-allocator-block-count=8"
    "memorysetup-main-allocator-block-size=16777216"
    "memorysetup-thread-allocator-block-size=16777216"
    "memorysetup-gfx-main-allocator-block-size=16777216"
    "memorysetup-gfx-thread-allocator-block-size=16777216"
    "memorysetup-cache-allocator-block-size=4194304"
    "memorysetup-typetree-allocator-block-size=2097152"
    "memorysetup-profiler-bucket-allocator-granularity=16"
    "memorysetup-profiler-bucket-allocator-bucket-count=8"
    "memorysetup-profiler-bucket-allocator-block-size=33554432"
    "memorysetup-profiler-bucket-allocator-block-count=8"
    "memorysetup-profiler-allocator-block-size=16777216"
    "memorysetup-profiler-editor-allocator-block-size=1048576"
    "memorysetup-temp-allocator-size-main=16777216"
    "memorysetup-job-temp-allocator-block-size=2097152"
    "memorysetup-job-temp-allocator-block-size-background=1048576"
    "memorysetup-job-temp-allocator-reduction-small-platforms=262144"
    "memorysetup-allocator-temp-initial-block-size-main=262144"
    "memorysetup-allocator-temp-initial-block-size-worker=262144"
    "memorysetup-temp-allocator-size-background-worker=32768"
    "memorysetup-temp-allocator-size-job-worker=262144"
    "memorysetup-temp-allocator-size-preload-manager=33554432"
    "memorysetup-temp-allocator-size-nav-mesh-worker=65536"
    "memorysetup-temp-allocator-size-audio-worker=65536"
    "memorysetup-temp-allocator-size-cloud-worker=32768"
    "memorysetup-temp-allocator-size-gi-baking-worker=262144"
    "memorysetup-temp-allocator-size-gfx=262144"
Player connection [8436678976] Host "[IP] 192.168.1.2 [Port] 0 [Flags] 2 [Guid] 2065661021 [EditorId] 2065661021 [Version] 1048832 [Id] OSXEditor(0,MacOS.local) [Debug] 1 [PackageName] OSXEditor [ProjectName] Editor" joined multi-casting on [225.0.0.222:54997]...

Player connection [8436678976] Host "[IP] 192.168.1.2 [Port] 0 [Flags] 2 [Guid] 2065661021 [EditorId] 2065661021 [Version] 1048832 [Id] OSXEditor(0,MacOS.local) [Debug] 1 [PackageName] OSXEditor [ProjectName] Editor" joined alternative multi-casting on [225.0.0.222:34997]...

[Physics::Module] Initialized MultithreadedJobDispatcher with 7 workers.
Refreshing native plugins compatible for Editor in 8.74 ms, found 2 plugins.
Preloading 0 native plugins for Editor in 0.00 ms.
Initialize engine version: 2022.3.9f1 (ea401c316338)
[Subsystems] Discovering subsystems at path /Applications/Unity/Hub/Editor/2022.3.9f1/Unity.app/Contents/Resources/UnitySubsystems
[Subsystems] Discovering subsystems at path /Users/macos/Desktop/ZombieShooter/Assets
GfxDevice: creating device client; threaded=0; jobified=0
 preferred device: Apple M1 (high power)
Metal devices available: 1
0: Apple M1 (high power)
Using device Apple M1 (high power)
Initializing Metal device caps: Apple M1
Shader 'WFX/Transparent Diffuse': fallback shader 'Particles/Alpha Blended' not found
Shader 'WFX/Transparent Specular': fallback shader 'Particles/Alpha Blended' not found
Initialize mono
Mono path[0] = '/Applications/Unity/Hub/Editor/2022.3.9f1/Unity.app/Contents/Managed'
Mono path[1] = '/Applications/Unity/Hub/Editor/2022.3.9f1/Unity.app/Contents/MonoBleedingEdge/lib/mono/unityjit-macos'
Mono config path = '/Applications/Unity/Hub/Editor/2022.3.9f1/Unity.app/Contents/MonoBleedingEdge/etc'
Using monoOptions --debugger-agent=transport=dt_socket,embedding=1,server=y,suspend=n,address=127.0.0.1:56777
Begin MonoManager ReloadAssembly
Registering precompiled unity dll's ...
Register platform support module: /Applications/Unity/Hub/Editor/2022.3.9f1/PlaybackEngines/WebGLSupport/UnityEditor.WebGL.Extensions.dll
Register platform support module: /Applications/Unity/Hub/Editor/2022.3.9f1/Unity.app/Contents/PlaybackEngines/MacStandaloneSupport/UnityEditor.OSXStandalone.Extensions.dll
Registered in 0.002404 seconds.
- Loaded All Assemblies, in  0.285 seconds
Native extension for OSXStandalone target not found
Native extension for WebGL target not found
Mono: successfully reloaded assembly
- Finished resetting the current domain, in  0.158 seconds
Domain Reload Profiling: 443ms
	BeginReloadAssembly (95ms)
		ExecutionOrderSort (0ms)
		DisableScriptedObjects (0ms)
		BackupInstance (0ms)
		ReleaseScriptingObjects (0ms)
		CreateAndSetChildDomain (1ms)
	RebuildCommonClasses (28ms)
	RebuildNativeTypeToScriptingClass (9ms)
	initialDomainReloadingComplete (37ms)
	LoadAllAssembliesAndSetupDomain (116ms)
		LoadAssemblies (95ms)
		RebuildTransferFunctionScriptingTraits (0ms)
		AnalyzeDomain (113ms)
			TypeCache.Refresh (112ms)
				TypeCache.ScanAssembly (99ms)
			ScanForSourceGeneratedMonoScriptInfo (0ms)
			ResolveRequiredComponents (0ms)
	FinalizeReload (158ms)
		ReleaseScriptCaches (0ms)
		RebuildScriptCaches (0ms)
		SetupLoadedEditorAssemblies (118ms)
			LogAssemblyErrors (0ms)
			InitializePlatformSupportModulesInManaged (4ms)
			SetLoadedEditorAssemblies (4ms)
			RefreshPlugins (0ms)
			BeforeProcessingInitializeOnLoad (2ms)
			ProcessInitializeOnLoadAttributes (79ms)
			ProcessInitializeOnLoadMethodAttributes (29ms)
			AfterProcessingInitializeOnLoad (0ms)
			EditorAssembliesLoaded (0ms)
		ExecutionOrderSort2 (0ms)
		AwakeInstancesAfterBackupRestoration (0ms)
========================================================================
Worker process is ready to serve import requests
Begin MonoManager ReloadAssembly
- Loaded All Assemblies, in  0.468 seconds
Refreshing native plugins compatible for Editor in 0.79 ms, found 2 plugins.
Native extension for OSXStandalone target not found
Native extension for WebGL target not found
Package Manager log level set to [2]
[Package Manager] Server::EnsureServerProcessIsRunning -- launch failed, reason: Unity was launched with the -noUpm command-line argument
[Package Manager] UpmClient::Send -- Unable to send message (not connected to UPM process).
[Package Manager] Cannot connect to Unity Package Manager local server
Mono: successfully reloaded assembly
- Finished resetting the current domain, in  0.379 seconds
Domain Reload Profiling: 848ms
	BeginReloadAssembly (99ms)
		ExecutionOrderSort (1ms)
		DisableScriptedObjects (5ms)
		BackupInstance (0ms)
		ReleaseScriptingObjects (0ms)
		CreateAndSetChildDomain (23ms)
	RebuildCommonClasses (27ms)
	RebuildNativeTypeToScriptingClass (9ms)
	initialDomainReloadingComplete (26ms)
	LoadAllAssembliesAndSetupDomain (307ms)
		LoadAssemblies (206ms)
		RebuildTransferFunctionScriptingTraits (0ms)
		AnalyzeDomain (139ms)
			TypeCache.Refresh (127ms)
				TypeCache.ScanAssembly (102ms)
			ScanForSourceGeneratedMonoScriptInfo (8ms)
			ResolveRequiredComponents (3ms)
	FinalizeReload (380ms)
		ReleaseScriptCaches (0ms)
		RebuildScriptCaches (0ms)
		SetupLoadedEditorAssemblies (282ms)
			LogAssemblyErrors (0ms)
			InitializePlatformSupportModulesInManaged (3ms)
			SetLoadedEditorAssemblies (2ms)
			RefreshPlugins (0ms)
			BeforeProcessingInitializeOnLoad (31ms)
			ProcessInitializeOnLoadAttributes (233ms)
			ProcessInitializeOnLoadMethodAttributes (12ms)
			AfterProcessingInitializeOnLoad (1ms)
			EditorAssembliesLoaded (0ms)
		ExecutionOrderSort2 (0ms)
		AwakeInstancesAfterBackupRestoration (3ms)
Shader 'WFX/Transparent Specular': fallback shader 'Particles/Alpha Blended' not found
Shader 'WFX/Transparent Diffuse': fallback shader 'Particles/Alpha Blended' not found
Launching external process: /Applications/Unity/Hub/Editor/2022.3.9f1/Unity.app/Contents/Tools/UnityShaderCompiler
Launched and connected shader compiler UnityShaderCompiler after 0.20 seconds
Refreshing native plugins compatible for Editor in 0.89 ms, found 2 plugins.
Preloading 0 native plugins for Editor in 0.00 ms.
Unloading 3196 Unused Serialized files (Serialized files now loaded: 0)
Unloading 31 unused Assets / (52.4 KB). Loaded Objects now: 3665.
Memory consumption went from 130.7 MB to 130.7 MB.
Total: 3.329333 ms (FindLiveObjects: 0.174458 ms CreateObjectMapping: 0.055750 ms MarkObjects: 2.987917 ms  DeleteObjects: 0.110666 ms)

AssetImportParameters requested are different than current active one (requested -> active):
  custom:scripting/monoscript/fileName/CFX_SpawnSystem.cs: 25a5e89f630a68b5be2dcafea5156cb7 -> da90548e33a5ac9767c2ab325529961a
  custom:container-demuxer-ogg: 62fdf1f143b41e24485cea50d1cbac27 -> 
  custom:video-decoder-ogg-theora: a1e56fd34408186e4bbccfd4996cb3dc -> 
  custom:scripting/monoscript/fileName/GrenadeCotroller.cs: 875e0b54e8b2b9de0d6d251a295ebd69 -> 
  custom:scripting/monoscript/fileName/CFXEasyEditor.cs: f5aa4f7dc0fb6cc1f062891d3d23ad3a -> 975509eb43d0b0d90d19d984ce47d25d
  custom:scripting/monoscript/fileName/WFX_Demo_RandomDir.cs: 5adb98288eccda10fe06003139c10717 -> 83412d56870e7b7abf13729c1e4f5956
  custom:scripting/monoscript/fileName/CFX_Demo_RandomDir.cs: ac40046481e5c4f71b9d19df2c090925 -> 06fce4b0d835d8793ccf8307925e464f
  custom:scripting/monoscript/fileName/GhoulZombieController.cs: c2cb6201a8a4f30eeb9dbe3d83ffae65 -> 
  custom:scripting/monoscript/fileName/WFX_LightFlicker.cs: 8611c610ebd4ed60d799ffbda1b30023 -> 1dfc4e18a67da64c518b9518e62ac4fe
  custom:CustomObjectIndexerAttribute: 756ad292c208cfabdd7b50bc23989ffe -> 
  custom:scripting/monoscript/fileName/CFX_SpawnSystemEditor.cs: 961dd98ee368d293720faa5e6180c55f -> 8ef4ed7f7ca5c207cc3108bdafbacf7e
  custom:container-demuxer-webm: 4f35f7cbe854078d1ac9338744f61a02 -> 
  custom:scripting/monoscript/fileName/CFX_Demo_RotateCamera.cs: 4093981287d7c6100e9fe689f7c9411e -> 1b6c7bbcbc0a01f776aafda62612b729
  custom:scripting/monoscript/fileName/WFX_Demo_DeleteAfterDelay.cs: feab4ecb418cb313790125ab2f3e742b -> a8456c85d9636ec3b34432ce15771790
  custom:scripting/monoscript/fileName/WFX_BulletHoleDecal.cs: f491e9aef5a5f2c367f064bcc6c862c0 -> b2a50a5c52cc82fa50f26101cc423417
  custom:container-muxer-webm: aa71ff27fc2769a1b78a27578f13a17b -> 
  custom:scripting/monoscript/fileName/WFX_Demo_Wall.cs: 45876beed7f29c422b20e2de2113200e -> ebe32a1844666a18dc6e88646d62cdf3
  custom:video-decoder-webm-vp8: 9c59270c3fd7afecdb556c50c9e8de78 -> 
  custom:scripting/monoscript/fileName/CFX_AutoStopLoopedEffect.cs: 62ac9e0b32d469c4b76269bc70152315 -> 0a1116784d96426e30ae544ef0d48111
  custom:SearchIndexIgnoredProperties: e643bd26f0fe6173181afceb89e7c659 -> 
  custom:AudioImporter_EditorPlatform: 3918e3fc78b5a79bad01e8451be0beb8 -> 
  custom:framework-osx-AVFoundation: e770b220cccbd017edd2c1fefb359320 -> 
  custom:video-encoder-webm-vp8: eb34c28f22e8b96e1ab97ce403110664 -> 
  custom:scripting/monoscript/fileName/CFX_LightIntensityFade.cs: 2c0ab7605cddfd3eb20461d360619486 -> cdc33b13e94fac5095d515fc63c5bc75
  custom:audio-decoder-ogg-vorbis: bf7c407c2cedff20999df2af8eb42d56 -> 
  custom:scripting/monoscript/fileName/WFX_Demo.cs: 9c911057018d0fe43728eb8d68b9a4e0 -> 16a8c51f1dc0063656a39d0352fd910f
  custom:scripting/monoscript/fileName/CFX_Demo_Translate.cs: de26e2b5a3c6cbaa3cca0e0576709ad7 -> c85e572516e08f311291871f16fd4e55
  custom:audio-encoder-webm-vorbis: bf7c407c2cedff20999df2af8eb42d56 -> 
  custom:scripting/monoscript/fileName/CFX_AutoDestructShuriken.cs: 36bf2f3a00d4f92e7516bb0c5ac5f44d -> 7d622660cad3b608810f352fdbc5d485
  custom:scripting/monoscript/fileName/WFX_Demo_New.cs: 9069327d8d485dc6e94b0abfa67c4280 -> 225d44912cd20a0c8b007d7146330c83
========================================================================
Received Import Request.
  Time since last request: 549150.908840 seconds.
  path: Assets/Downloads/Medieval houses/Log house/Materials/Door_Normal.png
  artifactKey: Guid(05a70ce5649a3f4409e06eb2533d1575) Importer(815301076,1909f56bfc062723c751e8b465ee728b)
Start importing Assets/Downloads/Medieval houses/Log house/Materials/Door_Normal.png using Guid(05a70ce5649a3f4409e06eb2533d1575) Importer(815301076,1909f56bfc062723c751e8b465ee728b)  -> (artifact id: 'ef419a61a0f09ca17aae445344491a07') in 0.079268 seconds
Number of updated asset objects reloaded before import = 0
Number of asset objects unloaded after import = 2
========================================================================
Received Import Request.
  Time since last request: 0.000045 seconds.
  path: Assets/Downloads/Medieval houses/Log house/Materials/Log_House_AlbedoTransparency.png
  artifactKey: Guid(2c936baea64919b4fa31d1e7c8aa1211) Importer(815301076,1909f56bfc062723c751e8b465ee728b)
Start importing Assets/Downloads/Medieval houses/Log house/Materials/Log_House_AlbedoTransparency.png using Guid(2c936baea64919b4fa31d1e7c8aa1211) Importer(815301076,1909f56bfc062723c751e8b465ee728b)  -> (artifact id: '121fa36f4bd6af7dbf2329c32c5d92de') in 0.021068 seconds
Number of updated asset objects reloaded before import = 0
Number of asset objects unloaded after import = 2
========================================================================
Received Import Request.
  Time since last request: 0.000046 seconds.
  path: Assets/Downloads/Medieval houses/Log house/Materials
  artifactKey: Guid(2ed4b9cebb499654391146a4b44fc376) Importer(815301076,1909f56bfc062723c751e8b465ee728b)
Start importing Assets/Downloads/Medieval houses/Log house/Materials using Guid(2ed4b9cebb499654391146a4b44fc376) Importer(815301076,1909f56bfc062723c751e8b465ee728b)  -> (artifact id: '73b5fc15e1df943aa1fd94cf56489d53') in 0.000284 seconds
Number of updated asset objects reloaded before import = 0
Number of asset objects unloaded after import = 0
========================================================================
Received Import Request.
  Time since last request: 0.000068 seconds.
  path: Assets/Downloads/Medieval houses/Log house/Materials/Door_MetallicSmoothness.png
  artifactKey: Guid(48e0f6a7b9d9a1b47b8071e74940797f) Importer(815301076,1909f56bfc062723c751e8b465ee728b)
Start importing Assets/Downloads/Medieval houses/Log house/Materials/Door_MetallicSmoothness.png using Guid(48e0f6a7b9d9a1b47b8071e74940797f) Importer(815301076,1909f56bfc062723c751e8b465ee728b)  -> (artifact id: '8ee26a6e49767a6e79f1c18eabebf462') in 0.006669 seconds
Number of updated asset objects reloaded before import = 0
Number of asset objects unloaded after import = 2
========================================================================
Received Import Request.
  Time since last request: 0.000059 seconds.
  path: Assets/Downloads/Medieval houses/Log house/Log house.fbx
  artifactKey: Guid(14f682f9e2d04af4396f95b882219950) Importer(815301076,1909f56bfc062723c751e8b465ee728b)
Start importing Assets/Downloads/Medieval houses/Log house/Log house.fbx using Guid(14f682f9e2d04af4396f95b882219950) Importer(815301076,1909f56bfc062723c751e8b465ee728b)  -> (artifact id: '30bb3047a9fd28f9f94662080f6c563d') in 0.925532 seconds
Number of updated asset objects reloaded before import = 0
Number of asset objects unloaded after import = 27
========================================================================
Received Import Request.
  Time since last request: 0.000075 seconds.
  path: Assets/Downloads/Medieval houses/Log house
  artifactKey: Guid(e10244fad3c29804e8f152dc65eeccfc) Importer(815301076,1909f56bfc062723c751e8b465ee728b)
Start importing Assets/Downloads/Medieval houses/Log house using Guid(e10244fad3c29804e8f152dc65eeccfc) Importer(815301076,1909f56bfc062723c751e8b465ee728b)  -> (artifact id: '7b61e5c782ab024471e173d597cd62a9') in 0.000609 seconds
Number of updated asset objects reloaded before import = 0
Number of asset objects unloaded after import = 0
========================================================================
Received Prepare
Begin MonoManager ReloadAssembly
Thread 0x297ae3000 may have been prematurely finalized
- Loaded All Assemblies, in  0.282 seconds
Refreshing native plugins compatible for Editor in 2.45 ms, found 2 plugins.
Native extension for OSXStandalone target not found
Native extension for WebGL target not found
[Package Manager] Server::EnsureServerProcessIsRunning -- launch failed, reason: Unity was launched with the -noUpm command-line argument
[Package Manager] UpmClient::Send -- Unable to send message (not connected to UPM process).
[Package Manager] Cannot connect to Unity Package Manager local server
Mono: successfully reloaded assembly
- Finished resetting the current domain, in  0.748 seconds
Domain Reload Profiling: 1031ms
	BeginReloadAssembly (104ms)
		ExecutionOrderSort (0ms)
		DisableScriptedObjects (3ms)
		BackupInstance (0ms)
		ReleaseScriptingObjects (0ms)
		CreateAndSetChildDomain (38ms)
	RebuildCommonClasses (24ms)
	RebuildNativeTypeToScriptingClass (8ms)
	initialDomainReloadingComplete (15ms)
	LoadAllAssembliesAndSetupDomain (132ms)
		LoadAssemblies (153ms)
		RebuildTransferFunctionScriptingTraits (0ms)
		AnalyzeDomain (13ms)
			TypeCache.Refresh (8ms)
				TypeCache.ScanAssembly (0ms)
			ScanForSourceGeneratedMonoScriptInfo (0ms)
			ResolveRequiredComponents (4ms)
	FinalizeReload (749ms)
		ReleaseScriptCaches (0ms)
		RebuildScriptCaches (0ms)
		SetupLoadedEditorAssemblies (231ms)
			LogAssemblyErrors (0ms)
			InitializePlatformSupportModulesInManaged (3ms)
			SetLoadedEditorAssemblies (2ms)
			RefreshPlugins (0ms)
			BeforeProcessingInitializeOnLoad (33ms)
			ProcessInitializeOnLoadAttributes (178ms)
			ProcessInitializeOnLoadMethodAttributes (13ms)
			AfterProcessingInitializeOnLoad (1ms)
			EditorAssembliesLoaded (0ms)
		ExecutionOrderSort2 (0ms)
		AwakeInstancesAfterBackupRestoration (2ms)
Shader 'WFX/Transparent Specular': fallback shader 'Particles/Alpha Blended' not found
Shader 'WFX/Transparent Diffuse': fallback shader 'Particles/Alpha Blended' not found
Refreshing native plugins compatible for Editor in 0.90 ms, found 2 plugins.
Preloading 0 native plugins for Editor in 0.00 ms.
Unloading 3164 Unused Serialized files (Serialized files now loaded: 0)
Unloading 22 unused Assets / (30.5 KB). Loaded Objects now: 3683.
Memory consumption went from 131.5 MB to 131.5 MB.
Total: 2.388500 ms (FindLiveObjects: 0.155291 ms CreateObjectMapping: 0.040625 ms MarkObjects: 2.112709 ms  DeleteObjects: 0.079375 ms)

Prepare: number of updated asset objects reloaded= 0
AssetImportParameters requested are different than current active one (requested -> active):
  custom:scripting/monoscript/fileName/CFX_SpawnSystem.cs: 25a5e89f630a68b5be2dcafea5156cb7 -> da90548e33a5ac9767c2ab325529961a
  custom:container-demuxer-ogg: 62fdf1f143b41e24485cea50d1cbac27 -> 
  custom:video-decoder-ogg-theora: a1e56fd34408186e4bbccfd4996cb3dc -> 
  custom:scripting/monoscript/fileName/GrenadeCotroller.cs: 875e0b54e8b2b9de0d6d251a295ebd69 -> 
  custom:scripting/monoscript/fileName/CFXEasyEditor.cs: f5aa4f7dc0fb6cc1f062891d3d23ad3a -> 975509eb43d0b0d90d19d984ce47d25d
  custom:scripting/monoscript/fileName/WFX_Demo_RandomDir.cs: 5adb98288eccda10fe06003139c10717 -> 83412d56870e7b7abf13729c1e4f5956
  custom:scripting/monoscript/fileName/CFX_Demo_RandomDir.cs: ac40046481e5c4f71b9d19df2c090925 -> 06fce4b0d835d8793ccf8307925e464f
  custom:scripting/monoscript/fileName/GhoulZombieController.cs: c2cb6201a8a4f30eeb9dbe3d83ffae65 -> 
  custom:scripting/monoscript/fileName/WFX_LightFlicker.cs: 8611c610ebd4ed60d799ffbda1b30023 -> 1dfc4e18a67da64c518b9518e62ac4fe
  custom:CustomObjectIndexerAttribute: 756ad292c208cfabdd7b50bc23989ffe -> 
  custom:scripting/monoscript/fileName/CFX_SpawnSystemEditor.cs: 961dd98ee368d293720faa5e6180c55f -> 8ef4ed7f7ca5c207cc3108bdafbacf7e
  custom:container-demuxer-webm: 4f35f7cbe854078d1ac9338744f61a02 -> 
  custom:scripting/monoscript/fileName/CFX_Demo_RotateCamera.cs: 4093981287d7c6100e9fe689f7c9411e -> 1b6c7bbcbc0a01f776aafda62612b729
  custom:scripting/monoscript/fileName/WFX_Demo_DeleteAfterDelay.cs: feab4ecb418cb313790125ab2f3e742b -> a8456c85d9636ec3b34432ce15771790
  custom:scripting/monoscript/fileName/WFX_BulletHoleDecal.cs: f491e9aef5a5f2c367f064bcc6c862c0 -> b2a50a5c52cc82fa50f26101cc423417
  custom:container-muxer-webm: aa71ff27fc2769a1b78a27578f13a17b -> 
  custom:scripting/monoscript/fileName/WFX_Demo_Wall.cs: 45876beed7f29c422b20e2de2113200e -> ebe32a1844666a18dc6e88646d62cdf3
  custom:video-decoder-webm-vp8: 9c59270c3fd7afecdb556c50c9e8de78 -> 
  custom:scripting/monoscript/fileName/CFX_AutoStopLoopedEffect.cs: 62ac9e0b32d469c4b76269bc70152315 -> 0a1116784d96426e30ae544ef0d48111
  custom:SearchIndexIgnoredProperties: e643bd26f0fe6173181afceb89e7c659 -> 
  custom:AudioImporter_EditorPlatform: 3918e3fc78b5a79bad01e8451be0beb8 -> 
  custom:framework-osx-AVFoundation: e770b220cccbd017edd2c1fefb359320 -> 
  custom:video-encoder-webm-vp8: eb34c28f22e8b96e1ab97ce403110664 -> 
  custom:scripting/monoscript/fileName/CFX_LightIntensityFade.cs: 2c0ab7605cddfd3eb20461d360619486 -> cdc33b13e94fac5095d515fc63c5bc75
  custom:audio-decoder-ogg-vorbis: bf7c407c2cedff20999df2af8eb42d56 -> 
  custom:scripting/monoscript/fileName/WFX_Demo.cs: 9c911057018d0fe43728eb8d68b9a4e0 -> 16a8c51f1dc0063656a39d0352fd910f
  custom:scripting/monoscript/fileName/CFX_Demo_Translate.cs: de26e2b5a3c6cbaa3cca0e0576709ad7 -> c85e572516e08f311291871f16fd4e55
  custom:audio-encoder-webm-vorbis: bf7c407c2cedff20999df2af8eb42d56 -> 
  custom:scripting/monoscript/fileName/CFX_AutoDestructShuriken.cs: 36bf2f3a00d4f92e7516bb0c5ac5f44d -> 7d622660cad3b608810f352fdbc5d485
  custom:scripting/monoscript/fileName/WFX_Demo_New.cs: 9069327d8d485dc6e94b0abfa67c4280 -> 225d44912cd20a0c8b007d7146330c83
========================================================================
Received Import Request.
  Time since last request: 224.733359 seconds.
  path: Assets/Prefabs/Warehouse.prefab
  artifactKey: Guid(f98920ff2905a46ee9f3553e22881645) Importer(815301076,1909f56bfc062723c751e8b465ee728b)
Start importing Assets/Prefabs/Warehouse.prefab using Guid(f98920ff2905a46ee9f3553e22881645) Importer(815301076,1909f56bfc062723c751e8b465ee728b)  -> (artifact id: '6c5aa971519b82dcaefab93c79614056') in 0.128365 seconds
Number of updated asset objects reloaded before import = 0
Number of asset objects unloaded after import = 59
========================================================================
Received Import Request.
  Time since last request: 0.000128 seconds.
  path: Assets/Prefabs/Zombie.prefab
  artifactKey: Guid(b5ce4c34861d74444bd1606fb65589fc) Importer(815301076,1909f56bfc062723c751e8b465ee728b)
Start importing Assets/Prefabs/Zombie.prefab using Guid(b5ce4c34861d74444bd1606fb65589fc) Importer(815301076,1909f56bfc062723c751e8b465ee728b)  -> (artifact id: 'dfd4a77c6a4943a9b4f18d917240ea5f') in 0.126904 seconds
Number of updated asset objects reloaded before import = 0
Number of asset objects unloaded after import = 196
========================================================================
Received Import Request.
  Time since last request: 2.736346 seconds.
  path: Assets/Prefabs/Timber house.prefab
  artifactKey: Guid(e2e99e1684c15465bb09a32dbf14a8c5) Importer(815301076,1909f56bfc062723c751e8b465ee728b)
Start importing Assets/Prefabs/Timber house.prefab using Guid(e2e99e1684c15465bb09a32dbf14a8c5) Importer(815301076,1909f56bfc062723c751e8b465ee728b)  -> (artifact id: 'cba627193a6c022cf330b53d2632e07c') in 0.106681 seconds
Number of updated asset objects reloaded before import = 0
Number of asset objects unloaded after import = 11
========================================================================
Received Prepare
Begin MonoManager ReloadAssembly
Thread 0x16d7b3000 may have been prematurely finalized
- Loaded All Assemblies, in  0.355 seconds
Refreshing native plugins compatible for Editor in 2.15 ms, found 2 plugins.
Native extension for OSXStandalone target not found
Native extension for WebGL target not found
[Package Manager] Server::EnsureServerProcessIsRunning -- launch failed, reason: Unity was launched with the -noUpm command-line argument
[Package Manager] UpmClient::Send -- Unable to send message (not connected to UPM process).
[Package Manager] Cannot connect to Unity Package Manager local server
Mono: successfully reloaded assembly
- Finished resetting the current domain, in  0.674 seconds
Domain Reload Profiling: 1030ms
	BeginReloadAssembly (113ms)
		ExecutionOrderSort (0ms)
		DisableScriptedObjects (3ms)
		BackupInstance (0ms)
		ReleaseScriptingObjects (0ms)
		CreateAndSetChildDomain (48ms)
	RebuildCommonClasses (23ms)
	RebuildNativeTypeToScriptingClass (8ms)
	initialDomainReloadingComplete (14ms)
	LoadAllAssembliesAndSetupDomain (197ms)
		LoadAssemblies (221ms)
		RebuildTransferFunctionScriptingTraits (0ms)
		AnalyzeDomain (14ms)
			TypeCache.Refresh (7ms)
				TypeCache.ScanAssembly (0ms)
			ScanForSourceGeneratedMonoScriptInfo (0ms)
			ResolveRequiredComponents (5ms)
	FinalizeReload (675ms)
		ReleaseScriptCaches (0ms)
		RebuildScriptCaches (0ms)
		SetupLoadedEditorAssemblies (240ms)
			LogAssemblyErrors (0ms)
			InitializePlatformSupportModulesInManaged (4ms)
			SetLoadedEditorAssemblies (2ms)
			RefreshPlugins (0ms)
			BeforeProcessingInitializeOnLoad (36ms)
			ProcessInitializeOnLoadAttributes (185ms)
			ProcessInitializeOnLoadMethodAttributes (11ms)
			AfterProcessingInitializeOnLoad (2ms)
			EditorAssembliesLoaded (0ms)
		ExecutionOrderSort2 (0ms)
		AwakeInstancesAfterBackupRestoration (3ms)
Shader 'WFX/Transparent Specular': fallback shader 'Particles/Alpha Blended' not found
Shader 'WFX/Transparent Diffuse': fallback shader 'Particles/Alpha Blended' not found
Refreshing native plugins compatible for Editor in 0.86 ms, found 2 plugins.
Preloading 0 native plugins for Editor in 0.00 ms.
Unloading 3164 Unused Serialized files (Serialized files now loaded: 0)
Unloading 26 unused Assets / (32.1 KB). Loaded Objects now: 3687.
Memory consumption went from 138.3 MB to 138.3 MB.
Total: 3.825417 ms (FindLiveObjects: 0.147708 ms CreateObjectMapping: 0.041542 ms MarkObjects: 3.528458 ms  DeleteObjects: 0.107125 ms)

Prepare: number of updated asset objects reloaded= 0
AssetImportParameters requested are different than current active one (requested -> active):
  custom:scripting/monoscript/fileName/CFX_SpawnSystem.cs: 25a5e89f630a68b5be2dcafea5156cb7 -> da90548e33a5ac9767c2ab325529961a
  custom:container-demuxer-ogg: 62fdf1f143b41e24485cea50d1cbac27 -> 
  custom:video-decoder-ogg-theora: a1e56fd34408186e4bbccfd4996cb3dc -> 
  custom:scripting/monoscript/fileName/GrenadeCotroller.cs: 875e0b54e8b2b9de0d6d251a295ebd69 -> 
  custom:scripting/monoscript/fileName/CFXEasyEditor.cs: f5aa4f7dc0fb6cc1f062891d3d23ad3a -> 975509eb43d0b0d90d19d984ce47d25d
  custom:scripting/monoscript/fileName/WFX_Demo_RandomDir.cs: 5adb98288eccda10fe06003139c10717 -> 83412d56870e7b7abf13729c1e4f5956
  custom:scripting/monoscript/fileName/CFX_Demo_RandomDir.cs: ac40046481e5c4f71b9d19df2c090925 -> 06fce4b0d835d8793ccf8307925e464f
  custom:scripting/monoscript/fileName/GhoulZombieController.cs: c2cb6201a8a4f30eeb9dbe3d83ffae65 -> 
  custom:scripting/monoscript/fileName/WFX_LightFlicker.cs: 8611c610ebd4ed60d799ffbda1b30023 -> 1dfc4e18a67da64c518b9518e62ac4fe
  custom:CustomObjectIndexerAttribute: 756ad292c208cfabdd7b50bc23989ffe -> 
  custom:scripting/monoscript/fileName/CFX_SpawnSystemEditor.cs: 961dd98ee368d293720faa5e6180c55f -> 8ef4ed7f7ca5c207cc3108bdafbacf7e
  custom:container-demuxer-webm: 4f35f7cbe854078d1ac9338744f61a02 -> 
  custom:scripting/monoscript/fileName/CFX_Demo_RotateCamera.cs: 4093981287d7c6100e9fe689f7c9411e -> 1b6c7bbcbc0a01f776aafda62612b729
  custom:scripting/monoscript/fileName/WFX_Demo_DeleteAfterDelay.cs: feab4ecb418cb313790125ab2f3e742b -> a8456c85d9636ec3b34432ce15771790
  custom:scripting/monoscript/fileName/WFX_BulletHoleDecal.cs: f491e9aef5a5f2c367f064bcc6c862c0 -> b2a50a5c52cc82fa50f26101cc423417
  custom:container-muxer-webm: aa71ff27fc2769a1b78a27578f13a17b -> 
  custom:scripting/monoscript/fileName/WFX_Demo_Wall.cs: 45876beed7f29c422b20e2de2113200e -> ebe32a1844666a18dc6e88646d62cdf3
  custom:video-decoder-webm-vp8: 9c59270c3fd7afecdb556c50c9e8de78 -> 
  custom:scripting/monoscript/fileName/CFX_AutoStopLoopedEffect.cs: 62ac9e0b32d469c4b76269bc70152315 -> 0a1116784d96426e30ae544ef0d48111
  custom:SearchIndexIgnoredProperties: e643bd26f0fe6173181afceb89e7c659 -> 
  custom:AudioImporter_EditorPlatform: 3918e3fc78b5a79bad01e8451be0beb8 -> 
  custom:framework-osx-AVFoundation: e770b220cccbd017edd2c1fefb359320 -> 
  custom:video-encoder-webm-vp8: eb34c28f22e8b96e1ab97ce403110664 -> 
  custom:scripting/monoscript/fileName/CFX_LightIntensityFade.cs: 2c0ab7605cddfd3eb20461d360619486 -> cdc33b13e94fac5095d515fc63c5bc75
  custom:audio-decoder-ogg-vorbis: bf7c407c2cedff20999df2af8eb42d56 -> 
  custom:scripting/monoscript/fileName/WFX_Demo.cs: 9c911057018d0fe43728eb8d68b9a4e0 -> 16a8c51f1dc0063656a39d0352fd910f
  custom:scripting/monoscript/fileName/CFX_Demo_Translate.cs: de26e2b5a3c6cbaa3cca0e0576709ad7 -> c85e572516e08f311291871f16fd4e55
  custom:audio-encoder-webm-vorbis: bf7c407c2cedff20999df2af8eb42d56 -> 
  custom:scripting/monoscript/fileName/CFX_AutoDestructShuriken.cs: 36bf2f3a00d4f92e7516bb0c5ac5f44d -> 7d622660cad3b608810f352fdbc5d485
  custom:scripting/monoscript/fileName/WFX_Demo_New.cs: 9069327d8d485dc6e94b0abfa67c4280 -> 225d44912cd20a0c8b007d7146330c83
========================================================================
Received Prepare
Begin MonoManager ReloadAssembly
Thread 0x16d7b3000 may have been prematurely finalized
- Loaded All Assemblies, in  0.320 seconds
Refreshing native plugins compatible for Editor in 0.94 ms, found 2 plugins.
Native extension for OSXStandalone target not found
Native extension for WebGL target not found
[Package Manager] Server::EnsureServerProcessIsRunning -- launch failed, reason: Unity was launched with the -noUpm command-line argument
[Package Manager] UpmClient::Send -- Unable to send message (not connected to UPM process).
[Package Manager] Cannot connect to Unity Package Manager local server
Mono: successfully reloaded assembly
- Finished resetting the current domain, in  0.687 seconds
Domain Reload Profiling: 1008ms
	BeginReloadAssembly (112ms)
		ExecutionOrderSort (0ms)
		DisableScriptedObjects (3ms)
		BackupInstance (0ms)
		ReleaseScriptingObjects (0ms)
		CreateAndSetChildDomain (44ms)
	RebuildCommonClasses (23ms)
	RebuildNativeTypeToScriptingClass (8ms)
	initialDomainReloadingComplete (15ms)
	LoadAllAssembliesAndSetupDomain (161ms)
		LoadAssemblies (184ms)
		RebuildTransferFunctionScriptingTraits (0ms)
		AnalyzeDomain (15ms)
			TypeCache.Refresh (10ms)
				TypeCache.ScanAssembly (0ms)
			ScanForSourceGeneratedMonoScriptInfo (0ms)
			ResolveRequiredComponents (4ms)
	FinalizeReload (688ms)
		ReleaseScriptCaches (0ms)
		RebuildScriptCaches (0ms)
		SetupLoadedEditorAssemblies (231ms)
			LogAssemblyErrors (0ms)
			InitializePlatformSupportModulesInManaged (4ms)
			SetLoadedEditorAssemblies (2ms)
			RefreshPlugins (0ms)
			BeforeProcessingInitializeOnLoad (32ms)
			ProcessInitializeOnLoadAttributes (180ms)
			ProcessInitializeOnLoadMethodAttributes (11ms)
			AfterProcessingInitializeOnLoad (2ms)
			EditorAssembliesLoaded (0ms)
		ExecutionOrderSort2 (0ms)
		AwakeInstancesAfterBackupRestoration (3ms)
Shader 'WFX/Transparent Specular': fallback shader 'Particles/Alpha Blended' not found
Shader 'WFX/Transparent Diffuse': fallback shader 'Particles/Alpha Blended' not found
Refreshing native plugins compatible for Editor in 0.82 ms, found 2 plugins.
Preloading 0 native plugins for Editor in 0.00 ms.
Unloading 3165 Unused Serialized files (Serialized files now loaded: 0)
Unloading 22 unused Assets / (30.6 KB). Loaded Objects now: 3690.
Memory consumption went from 143.0 MB to 143.0 MB.
Total: 2.677416 ms (FindLiveObjects: 0.125291 ms CreateObjectMapping: 0.039792 ms MarkObjects: 2.456833 ms  DeleteObjects: 0.055042 ms)

Prepare: number of updated asset objects reloaded= 0
AssetImportParameters requested are different than current active one (requested -> active):
  custom:scripting/monoscript/fileName/CFX_SpawnSystem.cs: 25a5e89f630a68b5be2dcafea5156cb7 -> da90548e33a5ac9767c2ab325529961a
  custom:container-demuxer-ogg: 62fdf1f143b41e24485cea50d1cbac27 -> 
  custom:video-decoder-ogg-theora: a1e56fd34408186e4bbccfd4996cb3dc -> 
  custom:scripting/monoscript/fileName/GrenadeCotroller.cs: 875e0b54e8b2b9de0d6d251a295ebd69 -> 
  custom:scripting/monoscript/fileName/CFXEasyEditor.cs: f5aa4f7dc0fb6cc1f062891d3d23ad3a -> 975509eb43d0b0d90d19d984ce47d25d
  custom:scripting/monoscript/fileName/WFX_Demo_RandomDir.cs: 5adb98288eccda10fe06003139c10717 -> 83412d56870e7b7abf13729c1e4f5956
  custom:scripting/monoscript/fileName/CFX_Demo_RandomDir.cs: ac40046481e5c4f71b9d19df2c090925 -> 06fce4b0d835d8793ccf8307925e464f
  custom:scripting/monoscript/fileName/GhoulZombieController.cs: c2cb6201a8a4f30eeb9dbe3d83ffae65 -> 
  custom:scripting/monoscript/fileName/WFX_LightFlicker.cs: 8611c610ebd4ed60d799ffbda1b30023 -> 1dfc4e18a67da64c518b9518e62ac4fe
  custom:CustomObjectIndexerAttribute: 756ad292c208cfabdd7b50bc23989ffe -> 
  custom:scripting/monoscript/fileName/CFX_SpawnSystemEditor.cs: 961dd98ee368d293720faa5e6180c55f -> 8ef4ed7f7ca5c207cc3108bdafbacf7e
  custom:container-demuxer-webm: 4f35f7cbe854078d1ac9338744f61a02 -> 
  custom:scripting/monoscript/fileName/CFX_Demo_RotateCamera.cs: 4093981287d7c6100e9fe689f7c9411e -> 1b6c7bbcbc0a01f776aafda62612b729
  custom:scripting/monoscript/fileName/WFX_Demo_DeleteAfterDelay.cs: feab4ecb418cb313790125ab2f3e742b -> a8456c85d9636ec3b34432ce15771790
  custom:scripting/monoscript/fileName/WFX_BulletHoleDecal.cs: f491e9aef5a5f2c367f064bcc6c862c0 -> b2a50a5c52cc82fa50f26101cc423417
  custom:container-muxer-webm: aa71ff27fc2769a1b78a27578f13a17b -> 
  custom:scripting/monoscript/fileName/WFX_Demo_Wall.cs: 45876beed7f29c422b20e2de2113200e -> ebe32a1844666a18dc6e88646d62cdf3
  custom:video-decoder-webm-vp8: 9c59270c3fd7afecdb556c50c9e8de78 -> 
  custom:scripting/monoscript/fileName/CFX_AutoStopLoopedEffect.cs: 62ac9e0b32d469c4b76269bc70152315 -> 0a1116784d96426e30ae544ef0d48111
  custom:SearchIndexIgnoredProperties: e643bd26f0fe6173181afceb89e7c659 -> 
  custom:AudioImporter_EditorPlatform: 3918e3fc78b5a79bad01e8451be0beb8 -> 
  custom:framework-osx-AVFoundation: e770b220cccbd017edd2c1fefb359320 -> 
  custom:video-encoder-webm-vp8: eb34c28f22e8b96e1ab97ce403110664 -> 
  custom:scripting/monoscript/fileName/CFX_LightIntensityFade.cs: 2c0ab7605cddfd3eb20461d360619486 -> cdc33b13e94fac5095d515fc63c5bc75
  custom:audio-decoder-ogg-vorbis: bf7c407c2cedff20999df2af8eb42d56 -> 
  custom:scripting/monoscript/fileName/WFX_Demo.cs: 9c911057018d0fe43728eb8d68b9a4e0 -> 16a8c51f1dc0063656a39d0352fd910f
  custom:scripting/monoscript/fileName/CFX_Demo_Translate.cs: de26e2b5a3c6cbaa3cca0e0576709ad7 -> c85e572516e08f311291871f16fd4e55
  custom:audio-encoder-webm-vorbis: bf7c407c2cedff20999df2af8eb42d56 -> 
  custom:scripting/monoscript/fileName/CFX_AutoDestructShuriken.cs: 36bf2f3a00d4f92e7516bb0c5ac5f44d -> 7d622660cad3b608810f352fdbc5d485
  custom:scripting/monoscript/fileName/WFX_Demo_New.cs: 9069327d8d485dc6e94b0abfa67c4280 -> 225d44912cd20a0c8b007d7146330c83
========================================================================
Received Import Request.
  Time since last request: 2327.376023 seconds.
  path: Assets/Prefabs/Stone house.prefab
  artifactKey: Guid(c4e778c5159c347ee8691989361bab35) Importer(815301076,1909f56bfc062723c751e8b465ee728b)
Start importing Assets/Prefabs/Stone house.prefab using Guid(c4e778c5159c347ee8691989361bab35) Importer(815301076,1909f56bfc062723c751e8b465ee728b)  -> (artifact id: '772505757e845f32e20c2c493c0a5823') in 0.844308 seconds
Number of updated asset objects reloaded before import = 0
Number of asset objects unloaded after import = 33
